# JRE version: OpenJDK Runtime Environment (8.0_152-b01) (build 1.8.0_152-release-915-b01)
# Java VM: OpenJDK 64-Bit Server VM (25.152-b01 mixed mode windows-amd64 compressed oops)
Heap:
 PSYoungGen      total 105472K, used 27794K [0x00000000e0000000, 0x00000000e8d00000, 0x0000000100000000)
  eden space 94720K, 17% used [0x00000000e0000000,0x00000000e10a53f0,0x00000000e5c80000)
  from space 10752K, 99% used [0x00000000e5c80000,0x00000000e66ff4e0,0x00000000e6700000)
  to   space 12800K, 0% used [0x00000000e8080000,0x00000000e8080000,0x00000000e8d00000)
 ParOldGen       total 99328K, used 18121K [0x00000000a0000000, 0x00000000a6100000, 0x00000000e0000000)
  object space 99328K, 18% used [0x00000000a0000000,0x00000000a11b2690,0x00000000a6100000)
 Metaspace       used 48506K, capacity 49780K, committed 50136K, reserved 1093632K
  class space    used 6474K, capacity 6825K, committed 6912K, reserved 1048576K
GC Heap History (10 events):
Event: 8.995 GC heap before
{Heap before GC invocations=9 (full 1):
 PSYoungGen      total 60928K, used 58037K [0x00000000e0000000, 0x00000000e5f00000, 0x0000000100000000)
  eden space 50176K, 100% used [0x00000000e0000000,0x00000000e3100000,0x00000000e3100000)
  from space 10752K, 73% used [0x00000000e3100000,0x00000000e38ad740,0x00000000e3b80000)
  to   space 10752K, 0% used [0x00000000e5480000,0x00000000e5480000,0x00000000e5f00000)
 ParOldGen       total 64000K, used 8966K [0x00000000a0000000, 0x00000000a3e80000, 0x00000000e0000000)
  object space 64000K, 14% used [0x00000000a0000000,0x00000000a08c1958,0x00000000a3e80000)
 Metaspace       used 31329K, capacity 32058K, committed 32256K, reserved 1077248K
  class space    used 4264K, capacity 4494K, committed 4608K, reserved 1048576K
Event: 9.012 GC heap after
Heap after GC invocations=9 (full 1):
 PSYoungGen      total 85504K, used 6982K [0x00000000e0000000, 0x00000000e5e80000, 0x0000000100000000)
  eden space 75264K, 0% used [0x00000000e0000000,0x00000000e0000000,0x00000000e4980000)
  from space 10240K, 68% used [0x00000000e5480000,0x00000000e5b51ae8,0x00000000e5e80000)
  to   space 10752K, 0% used [0x00000000e4980000,0x00000000e4980000,0x00000000e5400000)
 ParOldGen       total 64000K, used 9038K [0x00000000a0000000, 0x00000000a3e80000, 0x00000000e0000000)
  object space 64000K, 14% used [0x00000000a0000000,0x00000000a08d3968,0x00000000a3e80000)
 Metaspace       used 31329K, capacity 32058K, committed 32256K, reserved 1077248K
  class space    used 4264K, capacity 4494K, committed 4608K, reserved 1048576K
}
Event: 10.330 GC heap before
{Heap before GC invocations=10 (full 1):
 PSYoungGen      total 85504K, used 27624K [0x00000000e0000000, 0x00000000e5e80000, 0x0000000100000000)
  eden space 75264K, 27% used [0x00000000e0000000,0x00000000e14287e0,0x00000000e4980000)
  from space 10240K, 68% used [0x00000000e5480000,0x00000000e5b51ae8,0x00000000e5e80000)
  to   space 10752K, 0% used [0x00000000e4980000,0x00000000e4980000,0x00000000e5400000)
 ParOldGen       total 64000K, used 9038K [0x00000000a0000000, 0x00000000a3e80000, 0x00000000e0000000)
  object space 64000K, 14% used [0x00000000a0000000,0x00000000a08d3968,0x00000000a3e80000)
 Metaspace       used 34447K, capacity 35278K, committed 35416K, reserved 1079296K
  class space    used 4678K, capacity 4958K, committed 4992K, reserved 1048576K
Event: 10.341 GC heap after
Heap after GC invocations=10 (full 1):
 PSYoungGen      total 86016K, used 9179K [0x00000000e0000000, 0x00000000e7500000, 0x0000000100000000)
  eden space 75264K, 0% used [0x00000000e0000000,0x00000000e0000000,0x00000000e4980000)
  from space 10752K, 85% used [0x00000000e4980000,0x00000000e5276d40,0x00000000e5400000)
  to   space 11264K, 0% used [0x00000000e6a00000,0x00000000e6a00000,0x00000000e7500000)
 ParOldGen       total 64000K, used 9046K [0x00000000a0000000, 0x00000000a3e80000, 0x00000000e0000000)
  object space 64000K, 14% used [0x00000000a0000000,0x00000000a08d5968,0x00000000a3e80000)
 Metaspace       used 34447K, capacity 35278K, committed 35416K, reserved 1079296K
  class space    used 4678K, capacity 4958K, committed 4992K, reserved 1048576K
}
Event: 10.341 GC heap before
{Heap before GC invocations=11 (full 2):
 PSYoungGen      total 86016K, used 9179K [0x00000000e0000000, 0x00000000e7500000, 0x0000000100000000)
  eden space 75264K, 0% used [0x00000000e0000000,0x00000000e0000000,0x00000000e4980000)
  from space 10752K, 85% used [0x00000000e4980000,0x00000000e5276d40,0x00000000e5400000)
  to   space 11264K, 0% used [0x00000000e6a00000,0x00000000e6a00000,0x00000000e7500000)
 ParOldGen       total 64000K, used 9046K [0x00000000a0000000, 0x00000000a3e80000, 0x00000000e0000000)
  object space 64000K, 14% used [0x00000000a0000000,0x00000000a08d5968,0x00000000a3e80000)
 Metaspace       used 34447K, capacity 35278K, committed 35416K, reserved 1079296K
  class space    used 4678K, capacity 4958K, committed 4992K, reserved 1048576K
Event: 10.440 GC heap after
Heap after GC invocations=11 (full 2):
 PSYoungGen      total 86016K, used 0K [0x00000000e0000000, 0x00000000e7500000, 0x0000000100000000)
  eden space 75264K, 0% used [0x00000000e0000000,0x00000000e0000000,0x00000000e4980000)
  from space 10752K, 0% used [0x00000000e4980000,0x00000000e4980000,0x00000000e5400000)
  to   space 11264K, 0% used [0x00000000e6a00000,0x00000000e6a00000,0x00000000e7500000)
 ParOldGen       total 99328K, used 15542K [0x00000000a0000000, 0x00000000a6100000, 0x00000000e0000000)
  object space 99328K, 15% used [0x00000000a0000000,0x00000000a0f2d840,0x00000000a6100000)
 Metaspace       used 34447K, capacity 35278K, committed 35416K, reserved 1079296K
  class space    used 4678K, capacity 4958K, committed 4992K, reserved 1048576K
}
Event: 11.886 GC heap before
{Heap before GC invocations=12 (full 2):
 PSYoungGen      total 86016K, used 75264K [0x00000000e0000000, 0x00000000e7500000, 0x0000000100000000)
  eden space 75264K, 100% used [0x00000000e0000000,0x00000000e4980000,0x00000000e4980000)
  from space 10752K, 0% used [0x00000000e4980000,0x00000000e4980000,0x00000000e5400000)
  to   space 11264K, 0% used [0x00000000e6a00000,0x00000000e6a00000,0x00000000e7500000)
 ParOldGen       total 99328K, used 15542K [0x00000000a0000000, 0x00000000a6100000, 0x00000000e0000000)
  object space 99328K, 15% used [0x00000000a0000000,0x00000000a0f2d840,0x00000000a6100000)
 Metaspace       used 40631K, capacity 41564K, committed 42072K, reserved 1085440K
  class space    used 5390K, capacity 5675K, committed 5760K, reserved 1048576K
Event: 11.902 GC heap after
Heap after GC invocations=12 (full 2):
 PSYoungGen      total 102400K, used 7131K [0x00000000e0000000, 0x00000000e7180000, 0x0000000100000000)
  eden space 94720K, 0% used [0x00000000e0000000,0x00000000e0000000,0x00000000e5c80000)
  from space 7680K, 92% used [0x00000000e6a00000,0x00000000e70f6e00,0x00000000e7180000)
  to   space 10752K, 0% used [0x00000000e5c80000,0x00000000e5c80000,0x00000000e6700000)
 ParOldGen       total 99328K, used 15550K [0x00000000a0000000, 0x00000000a6100000, 0x00000000e0000000)
  object space 99328K, 15% used [0x00000000a0000000,0x00000000a0f2f840,0x00000000a6100000)
 Metaspace       used 40631K, capacity 41564K, committed 42072K, reserved 1085440K
  class space    used 5390K, capacity 5675K, committed 5760K, reserved 1048576K
}
Event: 14.343 GC heap before
{Heap before GC invocations=13 (full 2):
 PSYoungGen      total 102400K, used 101851K [0x00000000e0000000, 0x00000000e7180000, 0x0000000100000000)
  eden space 94720K, 100% used [0x00000000e0000000,0x00000000e5c80000,0x00000000e5c80000)
  from space 7680K, 92% used [0x00000000e6a00000,0x00000000e70f6e00,0x00000000e7180000)
  to   space 10752K, 0% used [0x00000000e5c80000,0x00000000e5c80000,0x00000000e6700000)
 ParOldGen       total 99328K, used 15550K [0x00000000a0000000, 0x00000000a6100000, 0x00000000e0000000)
  object space 99328K, 15% used [0x00000000a0000000,0x00000000a0f2f840,0x00000000a6100000)
 Metaspace       used 46934K, capacity 48132K, committed 48344K, reserved 1091584K
  class space    used 6272K, capacity 6635K, committed 6656K, reserved 1048576K
Event: 14.367 GC heap after
Heap after GC invocations=13 (full 2):
 PSYoungGen      total 105472K, used 10749K [0x00000000e0000000, 0x00000000e8d00000, 0x0000000100000000)
  eden space 94720K, 0% used [0x00000000e0000000,0x00000000e0000000,0x00000000e5c80000)
  from space 10752K, 99% used [0x00000000e5c80000,0x00000000e66ff4e0,0x00000000e6700000)
  to   space 12800K, 0% used [0x00000000e8080000,0x00000000e8080000,0x00000000e8d00000)
 ParOldGen       total 99328K, used 18121K [0x00000000a0000000, 0x00000000a6100000, 0x00000000e0000000)
  object space 99328K, 18% used [0x00000000a0000000,0x00000000a11b2690,0x00000000a6100000)
 Metaspace       used 46934K, capacity 48132K, committed 48344K, reserved 1091584K
  class space    used 6272K, capacity 6635K, committed 6656K, reserved 1048576K
}

