# JRE version: OpenJDK Runtime Environment (8.0_152-b01) (build 1.8.0_152-release-915-b01)
# Java VM: OpenJDK 64-Bit Server VM (25.152-b01 mixed mode windows-amd64 compressed oops)
Heap:
 PSYoungGen      total 159744K, used 29530K [0x00000000e0000000, 0x00000000eca80000, 0x0000000100000000)
  eden space 146944K, 11% used [0x00000000e0000000,0x00000000e1059518,0x00000000e8f80000)
  from space 12800K, 99% used [0x00000000e8f80000,0x00000000e9bfd4e0,0x00000000e9c00000)
  to   space 17408K, 0% used [0x00000000eb980000,0x00000000eb980000,0x00000000eca80000)
 ParOldGen       total 97280K, used 24081K [0x00000000a0000000, 0x00000000a5f00000, 0x00000000e0000000)
  object space 97280K, 24% used [0x00000000a0000000,0x00000000a1784510,0x00000000a5f00000)
 Metaspace       used 52884K, capacity 54770K, committed 55000K, reserved 1097728K
  class space    used 7163K, capacity 7643K, committed 7680K, reserved 1048576K
GC Heap History (10 events):
Event: 6.475 GC heap before
{Heap before GC invocations=7 (full 1):
 PSYoungGen      total 71680K, used 71664K [0x00000000e0000000, 0x00000000e7880000, 0x0000000100000000)
  eden space 66560K, 100% used [0x00000000e0000000,0x00000000e4100000,0x00000000e4100000)
  from space 5120K, 99% used [0x00000000e4100000,0x00000000e45fc1d8,0x00000000e4600000)
  to   space 10240K, 0% used [0x00000000e6e80000,0x00000000e6e80000,0x00000000e7880000)
 ParOldGen       total 61440K, used 11305K [0x00000000a0000000, 0x00000000a3c00000, 0x00000000e0000000)
  object space 61440K, 18% used [0x00000000a0000000,0x00000000a0b0a7f8,0x00000000a3c00000)
 Metaspace       used 30265K, capacity 30892K, committed 31232K, reserved 1077248K
  class space    used 4119K, capacity 4323K, committed 4352K, reserved 1048576K
Event: 6.487 GC heap after
Heap after GC invocations=7 (full 1):
 PSYoungGen      total 110080K, used 8328K [0x00000000e0000000, 0x00000000e7780000, 0x0000000100000000)
  eden space 100864K, 0% used [0x00000000e0000000,0x00000000e0000000,0x00000000e6280000)
  from space 9216K, 90% used [0x00000000e6e80000,0x00000000e76a22b0,0x00000000e7780000)
  to   space 10752K, 0% used [0x00000000e6280000,0x00000000e6280000,0x00000000e6d00000)
 ParOldGen       total 61440K, used 11313K [0x00000000a0000000, 0x00000000a3c00000, 0x00000000e0000000)
  object space 61440K, 18% used [0x00000000a0000000,0x00000000a0b0c7f8,0x00000000a3c00000)
 Metaspace       used 30265K, capacity 30892K, committed 31232K, reserved 1077248K
  class space    used 4119K, capacity 4323K, committed 4352K, reserved 1048576K
}
Event: 8.031 GC heap before
{Heap before GC invocations=8 (full 1):
 PSYoungGen      total 110080K, used 65153K [0x00000000e0000000, 0x00000000e7780000, 0x0000000100000000)
  eden space 100864K, 56% used [0x00000000e0000000,0x00000000e377e368,0x00000000e6280000)
  from space 9216K, 90% used [0x00000000e6e80000,0x00000000e76a22b0,0x00000000e7780000)
  to   space 10752K, 0% used [0x00000000e6280000,0x00000000e6280000,0x00000000e6d00000)
 ParOldGen       total 61440K, used 11313K [0x00000000a0000000, 0x00000000a3c00000, 0x00000000e0000000)
  object space 61440K, 18% used [0x00000000a0000000,0x00000000a0b0c7f8,0x00000000a3c00000)
 Metaspace       used 34430K, capacity 35274K, committed 35416K, reserved 1079296K
  class space    used 4670K, capacity 4958K, committed 4992K, reserved 1048576K
Event: 8.043 GC heap after
Heap after GC invocations=8 (full 1):
 PSYoungGen      total 111616K, used 9993K [0x00000000e0000000, 0x00000000ea900000, 0x0000000100000000)
  eden space 100864K, 0% used [0x00000000e0000000,0x00000000e0000000,0x00000000e6280000)
  from space 10752K, 92% used [0x00000000e6280000,0x00000000e6c424d8,0x00000000e6d00000)
  to   space 11776K, 0% used [0x00000000e9d80000,0x00000000e9d80000,0x00000000ea900000)
 ParOldGen       total 61440K, used 11386K [0x00000000a0000000, 0x00000000a3c00000, 0x00000000e0000000)
  object space 61440K, 18% used [0x00000000a0000000,0x00000000a0b1e808,0x00000000a3c00000)
 Metaspace       used 34430K, capacity 35274K, committed 35416K, reserved 1079296K
  class space    used 4670K, capacity 4958K, committed 4992K, reserved 1048576K
}
Event: 8.043 GC heap before
{Heap before GC invocations=9 (full 2):
 PSYoungGen      total 111616K, used 9993K [0x00000000e0000000, 0x00000000ea900000, 0x0000000100000000)
  eden space 100864K, 0% used [0x00000000e0000000,0x00000000e0000000,0x00000000e6280000)
  from space 10752K, 92% used [0x00000000e6280000,0x00000000e6c424d8,0x00000000e6d00000)
  to   space 11776K, 0% used [0x00000000e9d80000,0x00000000e9d80000,0x00000000ea900000)
 ParOldGen       total 61440K, used 11386K [0x00000000a0000000, 0x00000000a3c00000, 0x00000000e0000000)
  object space 61440K, 18% used [0x00000000a0000000,0x00000000a0b1e808,0x00000000a3c00000)
 Metaspace       used 34430K, capacity 35274K, committed 35416K, reserved 1079296K
  class space    used 4670K, capacity 4958K, committed 4992K, reserved 1048576K
Event: 8.144 GC heap after
Heap after GC invocations=9 (full 2):
 PSYoungGen      total 111616K, used 0K [0x00000000e0000000, 0x00000000ea900000, 0x0000000100000000)
  eden space 100864K, 0% used [0x00000000e0000000,0x00000000e0000000,0x00000000e6280000)
  from space 10752K, 0% used [0x00000000e6280000,0x00000000e6280000,0x00000000e6d00000)
  to   space 11776K, 0% used [0x00000000e9d80000,0x00000000e9d80000,0x00000000ea900000)
 ParOldGen       total 97280K, used 16202K [0x00000000a0000000, 0x00000000a5f00000, 0x00000000e0000000)
  object space 97280K, 16% used [0x00000000a0000000,0x00000000a0fd2848,0x00000000a5f00000)
 Metaspace       used 34430K, capacity 35274K, committed 35416K, reserved 1079296K
  class space    used 4670K, capacity 4958K, committed 4992K, reserved 1048576K
}
Event: 9.889 GC heap before
{Heap before GC invocations=10 (full 2):
 PSYoungGen      total 111616K, used 100864K [0x00000000e0000000, 0x00000000ea900000, 0x0000000100000000)
  eden space 100864K, 100% used [0x00000000e0000000,0x00000000e6280000,0x00000000e6280000)
  from space 10752K, 0% used [0x00000000e6280000,0x00000000e6280000,0x00000000e6d00000)
  to   space 11776K, 0% used [0x00000000e9d80000,0x00000000e9d80000,0x00000000ea900000)
 ParOldGen       total 97280K, used 16202K [0x00000000a0000000, 0x00000000a5f00000, 0x00000000e0000000)
  object space 97280K, 16% used [0x00000000a0000000,0x00000000a0fd2848,0x00000000a5f00000)
 Metaspace       used 41348K, capacity 42304K, committed 42712K, reserved 1085440K
  class space    used 5501K, capacity 5792K, committed 5888K, reserved 1048576K
Event: 9.905 GC heap after
Heap after GC invocations=10 (full 2):
 PSYoungGen      total 150528K, used 11147K [0x00000000e0000000, 0x00000000ea880000, 0x0000000100000000)
  eden space 139264K, 0% used [0x00000000e0000000,0x00000000e0000000,0x00000000e8800000)
  from space 11264K, 98% used [0x00000000e9d80000,0x00000000ea862f30,0x00000000ea880000)
  to   space 12800K, 0% used [0x00000000e8f80000,0x00000000e8f80000,0x00000000e9c00000)
 ParOldGen       total 97280K, used 16210K [0x00000000a0000000, 0x00000000a5f00000, 0x00000000e0000000)
  object space 97280K, 16% used [0x00000000a0000000,0x00000000a0fd4848,0x00000000a5f00000)
 Metaspace       used 41348K, capacity 42304K, committed 42712K, reserved 1085440K
  class space    used 5501K, capacity 5792K, committed 5888K, reserved 1048576K
}
Event: 13.192 GC heap before
{Heap before GC invocations=11 (full 2):
 PSYoungGen      total 150528K, used 150411K [0x00000000e0000000, 0x00000000ea880000, 0x0000000100000000)
  eden space 139264K, 100% used [0x00000000e0000000,0x00000000e8800000,0x00000000e8800000)
  from space 11264K, 98% used [0x00000000e9d80000,0x00000000ea862f30,0x00000000ea880000)
  to   space 12800K, 0% used [0x00000000e8f80000,0x00000000e8f80000,0x00000000e9c00000)
 ParOldGen       total 97280K, used 16210K [0x00000000a0000000, 0x00000000a5f00000, 0x00000000e0000000)
  object space 97280K, 16% used [0x00000000a0000000,0x00000000a0fd4848,0x00000000a5f00000)
 Metaspace       used 51884K, capacity 53664K, committed 53848K, reserved 1095680K
  class space    used 7020K, capacity 7476K, committed 7552K, reserved 1048576K
Event: 13.238 GC heap after
Heap after GC invocations=11 (full 2):
 PSYoungGen      total 159744K, used 12789K [0x00000000e0000000, 0x00000000eca80000, 0x0000000100000000)
  eden space 146944K, 0% used [0x00000000e0000000,0x00000000e0000000,0x00000000e8f80000)
  from space 12800K, 99% used [0x00000000e8f80000,0x00000000e9bfd4e0,0x00000000e9c00000)
  to   space 17408K, 0% used [0x00000000eb980000,0x00000000eb980000,0x00000000eca80000)
 ParOldGen       total 97280K, used 24081K [0x00000000a0000000, 0x00000000a5f00000, 0x00000000e0000000)
  object space 97280K, 24% used [0x00000000a0000000,0x00000000a1784510,0x00000000a5f00000)
 Metaspace       used 51884K, capacity 53664K, committed 53848K, reserved 1095680K
  class space    used 7020K, capacity 7476K, committed 7552K, reserved 1048576K
}

