# JRE version: OpenJDK Runtime Environment (8.0_152-b01) (build 1.8.0_152-release-915-b01)
# Java VM: OpenJDK 64-Bit Server VM (25.152-b01 mixed mode windows-amd64 compressed oops)
Heap:
 PSYoungGen      total 108544K, used 65300K [0x00000000e0000000, 0x00000000e8900000, 0x0000000100000000)
  eden space 95744K, 54% used [0x00000000e0000000,0x00000000e334bd68,0x00000000e5d80000)
  from space 12800K, 99% used [0x00000000e6e00000,0x00000000e7a794d0,0x00000000e7a80000)
  to   space 16896K, 0% used [0x00000000e5d80000,0x00000000e5d80000,0x00000000e6e00000)
 ParOldGen       total 108544K, used 25578K [0x00000000a0000000, 0x00000000a6a00000, 0x00000000e0000000)
  object space 108544K, 23% used [0x00000000a0000000,0x00000000a18fab10,0x00000000a6a00000)
 Metaspace       used 53754K, capacity 55586K, committed 55896K, reserved 1097728K
  class space    used 7255K, capacity 7746K, committed 7808K, reserved 1048576K
GC Heap History (10 events):
Event: 7.141 GC heap before
{Heap before GC invocations=10 (full 1):
 PSYoungGen      total 80896K, used 30360K [0x00000000e0000000, 0x00000000e5a00000, 0x0000000100000000)
  eden space 71680K, 33% used [0x00000000e0000000,0x00000000e1747578,0x00000000e4600000)
  from space 9216K, 70% used [0x00000000e5100000,0x00000000e575eaf8,0x00000000e5a00000)
  to   space 10240K, 0% used [0x00000000e4600000,0x00000000e4600000,0x00000000e5000000)
 ParOldGen       total 67072K, used 9034K [0x00000000a0000000, 0x00000000a4180000, 0x00000000e0000000)
  object space 67072K, 13% used [0x00000000a0000000,0x00000000a08d2820,0x00000000a4180000)
 Metaspace       used 34420K, capacity 35270K, committed 35416K, reserved 1079296K
  class space    used 4674K, capacity 4958K, committed 4992K, reserved 1048576K
Event: 7.155 GC heap after
Heap after GC invocations=10 (full 1):
 PSYoungGen      total 81920K, used 9379K [0x00000000e0000000, 0x00000000e7180000, 0x0000000100000000)
  eden space 71680K, 0% used [0x00000000e0000000,0x00000000e0000000,0x00000000e4600000)
  from space 10240K, 91% used [0x00000000e4600000,0x00000000e4f28f88,0x00000000e5000000)
  to   space 11264K, 0% used [0x00000000e6680000,0x00000000e6680000,0x00000000e7180000)
 ParOldGen       total 67072K, used 9042K [0x00000000a0000000, 0x00000000a4180000, 0x00000000e0000000)
  object space 67072K, 13% used [0x00000000a0000000,0x00000000a08d4820,0x00000000a4180000)
 Metaspace       used 34420K, capacity 35270K, committed 35416K, reserved 1079296K
  class space    used 4674K, capacity 4958K, committed 4992K, reserved 1048576K
}
Event: 7.155 GC heap before
{Heap before GC invocations=11 (full 2):
 PSYoungGen      total 81920K, used 9379K [0x00000000e0000000, 0x00000000e7180000, 0x0000000100000000)
  eden space 71680K, 0% used [0x00000000e0000000,0x00000000e0000000,0x00000000e4600000)
  from space 10240K, 91% used [0x00000000e4600000,0x00000000e4f28f88,0x00000000e5000000)
  to   space 11264K, 0% used [0x00000000e6680000,0x00000000e6680000,0x00000000e7180000)
 ParOldGen       total 67072K, used 9042K [0x00000000a0000000, 0x00000000a4180000, 0x00000000e0000000)
  object space 67072K, 13% used [0x00000000a0000000,0x00000000a08d4820,0x00000000a4180000)
 Metaspace       used 34420K, capacity 35270K, committed 35416K, reserved 1079296K
  class space    used 4674K, capacity 4958K, committed 4992K, reserved 1048576K
Event: 7.336 GC heap after
Heap after GC invocations=11 (full 2):
 PSYoungGen      total 81920K, used 0K [0x00000000e0000000, 0x00000000e7180000, 0x0000000100000000)
  eden space 71680K, 0% used [0x00000000e0000000,0x00000000e0000000,0x00000000e4600000)
  from space 10240K, 0% used [0x00000000e4600000,0x00000000e4600000,0x00000000e5000000)
  to   space 11264K, 0% used [0x00000000e6680000,0x00000000e6680000,0x00000000e7180000)
 ParOldGen       total 108544K, used 15625K [0x00000000a0000000, 0x00000000a6a00000, 0x00000000e0000000)
  object space 108544K, 14% used [0x00000000a0000000,0x00000000a0f42620,0x00000000a6a00000)
 Metaspace       used 34420K, capacity 35270K, committed 35416K, reserved 1079296K
  class space    used 4674K, capacity 4958K, committed 4992K, reserved 1048576K
}
Event: 8.412 GC heap before
{Heap before GC invocations=12 (full 2):
 PSYoungGen      total 81920K, used 71680K [0x00000000e0000000, 0x00000000e7180000, 0x0000000100000000)
  eden space 71680K, 100% used [0x00000000e0000000,0x00000000e4600000,0x00000000e4600000)
  from space 10240K, 0% used [0x00000000e4600000,0x00000000e4600000,0x00000000e5000000)
  to   space 11264K, 0% used [0x00000000e6680000,0x00000000e6680000,0x00000000e7180000)
 ParOldGen       total 108544K, used 15625K [0x00000000a0000000, 0x00000000a6a00000, 0x00000000e0000000)
  object space 108544K, 14% used [0x00000000a0000000,0x00000000a0f42620,0x00000000a6a00000)
 Metaspace       used 40033K, capacity 40866K, committed 41176K, reserved 1085440K
  class space    used 5328K, capacity 5626K, committed 5632K, reserved 1048576K
Event: 8.420 GC heap after
Heap after GC invocations=12 (full 2):
 PSYoungGen      total 91136K, used 6283K [0x00000000e0000000, 0x00000000e6d00000, 0x0000000100000000)
  eden space 84480K, 0% used [0x00000000e0000000,0x00000000e0000000,0x00000000e5280000)
  from space 6656K, 94% used [0x00000000e6680000,0x00000000e6ca2d18,0x00000000e6d00000)
  to   space 10752K, 0% used [0x00000000e5800000,0x00000000e5800000,0x00000000e6280000)
 ParOldGen       total 108544K, used 15633K [0x00000000a0000000, 0x00000000a6a00000, 0x00000000e0000000)
  object space 108544K, 14% used [0x00000000a0000000,0x00000000a0f44620,0x00000000a6a00000)
 Metaspace       used 40033K, capacity 40866K, committed 41176K, reserved 1085440K
  class space    used 5328K, capacity 5626K, committed 5632K, reserved 1048576K
}
Event: 10.077 GC heap before
{Heap before GC invocations=13 (full 2):
 PSYoungGen      total 91136K, used 90763K [0x00000000e0000000, 0x00000000e6d00000, 0x0000000100000000)
  eden space 84480K, 100% used [0x00000000e0000000,0x00000000e5280000,0x00000000e5280000)
  from space 6656K, 94% used [0x00000000e6680000,0x00000000e6ca2d18,0x00000000e6d00000)
  to   space 10752K, 0% used [0x00000000e5800000,0x00000000e5800000,0x00000000e6280000)
 ParOldGen       total 108544K, used 15633K [0x00000000a0000000, 0x00000000a6a00000, 0x00000000e0000000)
  object space 108544K, 14% used [0x00000000a0000000,0x00000000a0f44620,0x00000000a6a00000)
 Metaspace       used 46672K, capacity 47820K, committed 48088K, reserved 1091584K
  class space    used 6238K, capacity 6589K, committed 6656K, reserved 1048576K
Event: 10.098 GC heap after
Heap after GC invocations=13 (full 2):
 PSYoungGen      total 100864K, used 10725K [0x00000000e0000000, 0x00000000e7a80000, 0x0000000100000000)
  eden space 90112K, 0% used [0x00000000e0000000,0x00000000e0000000,0x00000000e5800000)
  from space 10752K, 99% used [0x00000000e5800000,0x00000000e62795e0,0x00000000e6280000)
  to   space 12800K, 0% used [0x00000000e6e00000,0x00000000e6e00000,0x00000000e7a80000)
 ParOldGen       total 108544K, used 18406K [0x00000000a0000000, 0x00000000a6a00000, 0x00000000e0000000)
  object space 108544K, 16% used [0x00000000a0000000,0x00000000a11f9b50,0x00000000a6a00000)
 Metaspace       used 46672K, capacity 47820K, committed 48088K, reserved 1091584K
  class space    used 6238K, capacity 6589K, committed 6656K, reserved 1048576K
}
Event: 11.892 GC heap before
{Heap before GC invocations=14 (full 2):
 PSYoungGen      total 100864K, used 100837K [0x00000000e0000000, 0x00000000e7a80000, 0x0000000100000000)
  eden space 90112K, 100% used [0x00000000e0000000,0x00000000e5800000,0x00000000e5800000)
  from space 10752K, 99% used [0x00000000e5800000,0x00000000e62795e0,0x00000000e6280000)
  to   space 12800K, 0% used [0x00000000e6e00000,0x00000000e6e00000,0x00000000e7a80000)
 ParOldGen       total 108544K, used 18406K [0x00000000a0000000, 0x00000000a6a00000, 0x00000000e0000000)
  object space 108544K, 16% used [0x00000000a0000000,0x00000000a11f9b50,0x00000000a6a00000)
 Metaspace       used 52453K, capacity 54276K, committed 54488K, reserved 1095680K
  class space    used 7107K, capacity 7575K, committed 7680K, reserved 1048576K
Event: 11.914 GC heap after
Heap after GC invocations=14 (full 2):
 PSYoungGen      total 108544K, used 12773K [0x00000000e0000000, 0x00000000e8900000, 0x0000000100000000)
  eden space 95744K, 0% used [0x00000000e0000000,0x00000000e0000000,0x00000000e5d80000)
  from space 12800K, 99% used [0x00000000e6e00000,0x00000000e7a794d0,0x00000000e7a80000)
  to   space 16896K, 0% used [0x00000000e5d80000,0x00000000e5d80000,0x00000000e6e00000)
 ParOldGen       total 108544K, used 25578K [0x00000000a0000000, 0x00000000a6a00000, 0x00000000e0000000)
  object space 108544K, 23% used [0x00000000a0000000,0x00000000a18fab10,0x00000000a6a00000)
 Metaspace       used 52453K, capacity 54276K, committed 54488K, reserved 1095680K
  class space    used 7107K, capacity 7575K, committed 7680K, reserved 1048576K
}

